actionid: docs
msg: installpkg
cmdargs: ['/home/u54887/PycharmProjects/ToxProject/.tox/docs/bin/pip', 'install', '/home/u54887/PycharmProjects/ToxProject/.tox/dist/foo-0.0.0.zip[docs]']

Processing ./.tox/dist/foo-0.0.0.zip
Collecting sphinx<2,>=1.6.3 (from foo==0.0.0)
  Using cached Sphinx-1.7.0-py2.py3-none-any.whl
Collecting towncrier>=17.8.0 (from foo==0.0.0)
  Using cached towncrier-17.8.0-py2.py3-none-any.whl
Collecting babel!=2.0,>=1.3 (from sphinx<2,>=1.6.3->foo==0.0.0)
  Using cached Babel-2.5.3-py2.py3-none-any.whl
Collecting packaging (from sphinx<2,>=1.6.3->foo==0.0.0)
  Using cached packaging-16.8-py2.py3-none-any.whl
Collecting sphinxcontrib-websupport (from sphinx<2,>=1.6.3->foo==0.0.0)
  Using cached sphinxcontrib_websupport-1.0.1-py2.py3-none-any.whl
Collecting requests>=2.0.0 (from sphinx<2,>=1.6.3->foo==0.0.0)
  Using cached requests-2.18.4-py2.py3-none-any.whl
Requirement already satisfied: six>=1.5 in ./.tox/docs/lib/python2.7/site-packages (from sphinx<2,>=1.6.3->foo==0.0.0)
Collecting typing; python_version < "3.5" (from sphinx<2,>=1.6.3->foo==0.0.0)
  Using cached typing-3.6.4-py2-none-any.whl
Collecting alabaster<0.8,>=0.7 (from sphinx<2,>=1.6.3->foo==0.0.0)
  Using cached alabaster-0.7.10-py2.py3-none-any.whl
Collecting snowballstemmer>=1.1 (from sphinx<2,>=1.6.3->foo==0.0.0)
  Using cached snowballstemmer-1.2.1-py2.py3-none-any.whl
Requirement already satisfied: setuptools in ./.tox/docs/lib/python2.7/site-packages (from sphinx<2,>=1.6.3->foo==0.0.0)
Collecting Jinja2>=2.3 (from sphinx<2,>=1.6.3->foo==0.0.0)
  Using cached Jinja2-2.10-py2.py3-none-any.whl
Collecting imagesize (from sphinx<2,>=1.6.3->foo==0.0.0)
  Using cached imagesize-0.7.1-py2.py3-none-any.whl
Collecting docutils>=0.11 (from sphinx<2,>=1.6.3->foo==0.0.0)
  Using cached docutils-0.14-py2-none-any.whl
Collecting Pygments>=2.0 (from sphinx<2,>=1.6.3->foo==0.0.0)
  Using cached Pygments-2.2.0-py2.py3-none-any.whl
Collecting toml (from towncrier>=17.8.0->foo==0.0.0)
Collecting incremental (from towncrier>=17.8.0->foo==0.0.0)
  Using cached incremental-17.5.0-py2.py3-none-any.whl
Collecting Click (from towncrier>=17.8.0->foo==0.0.0)
  Using cached click-6.7-py2.py3-none-any.whl
Collecting pytz>=0a (from babel!=2.0,>=1.3->sphinx<2,>=1.6.3->foo==0.0.0)
  Using cached pytz-2018.3-py2.py3-none-any.whl
Collecting pyparsing (from packaging->sphinx<2,>=1.6.3->foo==0.0.0)
  Using cached pyparsing-2.2.0-py2.py3-none-any.whl
Collecting certifi>=2017.4.17 (from requests>=2.0.0->sphinx<2,>=1.6.3->foo==0.0.0)
  Using cached certifi-2018.1.18-py2.py3-none-any.whl
Collecting chardet<3.1.0,>=3.0.2 (from requests>=2.0.0->sphinx<2,>=1.6.3->foo==0.0.0)
  Using cached chardet-3.0.4-py2.py3-none-any.whl
Collecting idna<2.7,>=2.5 (from requests>=2.0.0->sphinx<2,>=1.6.3->foo==0.0.0)
  Using cached idna-2.6-py2.py3-none-any.whl
Collecting urllib3<1.23,>=1.21.1 (from requests>=2.0.0->sphinx<2,>=1.6.3->foo==0.0.0)
  Using cached urllib3-1.22-py2.py3-none-any.whl
Collecting MarkupSafe>=0.23 (from Jinja2>=2.3->sphinx<2,>=1.6.3->foo==0.0.0)
Building wheels for collected packages: foo
  Running setup.py bdist_wheel for foo: started
  Running setup.py bdist_wheel for foo: finished with status 'done'
  Stored in directory: /home/u54887/.cache/pip/wheels/2d/0c/34/e51ba30b9c0eb753c37e15c5de73dbc8d2c6be18a5e1743038
Successfully built foo
Installing collected packages: pytz, babel, pyparsing, packaging, sphinxcontrib-websupport, certifi, chardet, idna, urllib3, requests, typing, alabaster, snowballstemmer, MarkupSafe, Jinja2, imagesize, docutils, Pygments, sphinx, toml, incremental, Click, towncrier, foo
Successfully installed Click-6.7 Jinja2-2.10 MarkupSafe-1.0 Pygments-2.2.0 alabaster-0.7.10 babel-2.5.3 certifi-2018.1.18 chardet-3.0.4 docutils-0.14 foo-0.0.0 idna-2.6 imagesize-0.7.1 incremental-17.5.0 packaging-16.8 pyparsing-2.2.0 pytz-2018.3 requests-2.18.4 snowballstemmer-1.2.1 sphinx-1.7.0 sphinxcontrib-websupport-1.0.1 toml-0.9.4 towncrier-17.8.0 typing-3.6.4 urllib3-1.22
