actionid: docs
msg: envreport
cmdargs: ['/home/u54887/PycharmProjects/ToxProject/.tox/docs/bin/pip', 'freeze']

alabaster==0.7.10
attrs==17.4.0
Babel==2.5.3
certifi==2018.1.18
chardet==3.0.4
click==6.7
docutils==0.14
foo==0.0.0
funcsigs==1.0.2
idna==2.6
imagesize==0.7.1
incremental==17.5.0
Jinja2==2.10
MarkupSafe==1.0
packaging==16.8
pluggy==0.6.0
py==1.5.2
Pygments==2.2.0
pyparsing==2.2.0
pytest==3.4.0
pytz==2018.3
requests==2.18.4
six==1.11.0
snowballstemmer==1.2.1
Sphinx==1.7.0
sphinxcontrib-websupport==1.0.1
toml==0.9.4
towncrier==17.8.0
typing==3.6.4
urllib3==1.22
